<?xml version="1.0" encoding="UTF-8"?>
<testng-results ignored="0" total="1" passed="1" failed="0" skipped="0">
  <reporter-output>
  </reporter-output>
  <suite started-at="2022-01-25T14:12:55Z" name="Default suite" finished-at="2022-01-25T14:13:46Z" duration-ms="50701">
    <groups>
    </groups>
    <test started-at="2022-01-25T14:12:55Z" name="Default test" finished-at="2022-01-25T14:13:46Z" duration-ms="50701">
      <class name="example6.web6">
        <test-method signature="f()[pri:0, instance:example6.web6@3646a422]" started-at="2022-01-25T06:12:55Z" name="f" finished-at="2022-01-25T06:13:46Z" duration-ms="50686" status="PASS">
          <reporter-output>
          </reporter-output>
        </test-method> <!-- f -->
      </class> <!-- example6.web6 -->
    </test> <!-- Default test -->
  </suite> <!-- Default suite -->
</testng-results>
